[15-Sep-2014 10:59:19 UTC] PHP Warning:  Cannot modify header information - headers already sent by (output started at /Applications/MAMP/htdocs/liongit/libraries/3rd/leoni-wordpress-integrator/index.php:6) in /Applications/MAMP/htdocs/wordpressing/wp-includes/functions.php on line 3131
[15-Sep-2014 11:02:26 UTC] WordPress database error Table 'wordpressing.posts' doesn't exist for query SELECT * FROM posts made by require_once('/Applications/MAMP/htdocs/liongit/libraries/leoni/bootstrap.php'), require_once('/Applications/MAMP/htdocs/liongit/libraries/3rd/manager.php'), require_once('/Applications/MAMP/htdocs/liongit/libraries/3rd/leoni-wordpress-integrator/index.php')
[15-Sep-2014 11:02:27 UTC] WordPress database error Table 'wordpressing.posts' doesn't exist for query SELECT * FROM posts made by require_once('/Applications/MAMP/htdocs/liongit/libraries/leoni/bootstrap.php'), require_once('/Applications/MAMP/htdocs/liongit/libraries/3rd/manager.php'), require_once('/Applications/MAMP/htdocs/liongit/libraries/3rd/leoni-wordpress-integrator/index.php')
[15-Sep-2014 13:17:57 Europe/Berlin] PHP Notice:  Undefined offset: 0 in /Applications/MAMP/htdocs/liongit/libraries/leoni/shared.php on line 57
[15-Sep-2014 13:19:00 Europe/Berlin] PHP Fatal error:  Call to a member function get_results() on a non-object in /Applications/MAMP/htdocs/liongit/app/controllers/indexcontroller.php on line 5
[15-Sep-2014 13:19:02 Europe/Berlin] PHP Fatal error:  Call to a member function get_results() on a non-object in /Applications/MAMP/htdocs/liongit/app/controllers/indexcontroller.php on line 5
[15-Sep-2014 13:19:17 Europe/Berlin] PHP Fatal error:  Call to a member function get_results() on a non-object in /Applications/MAMP/htdocs/liongit/app/controllers/indexcontroller.php on line 5
[15-Sep-2014 13:19:36 Europe/Berlin] PHP Fatal error:  Call to a member function get_results() on a non-object in /Applications/MAMP/htdocs/liongit/app/controllers/indexcontroller.php on line 5
[15-Sep-2014 13:19:42 Europe/Berlin] PHP Fatal error:  Call to a member function get_results() on a non-object in /Applications/MAMP/htdocs/liongit/app/controllers/indexcontroller.php on line 5
[15-Sep-2014 13:19:42 Europe/Berlin] PHP Fatal error:  Call to a member function get_results() on a non-object in /Applications/MAMP/htdocs/liongit/app/controllers/indexcontroller.php on line 5
[15-Sep-2014 13:19:49 Europe/Berlin] PHP Fatal error:  Call to a member function get_results() on a non-object in /Applications/MAMP/htdocs/liongit/libraries/3rd/leoni-wordpress-integrator/config/main.php on line 5
[15-Sep-2014 13:20:22 Europe/Berlin] PHP Fatal error:  Call to a member function get_results() on a non-object in /Applications/MAMP/htdocs/liongit/libraries/3rd/leoni-wordpress-integrator/config/main.php on line 5
[15-Sep-2014 13:20:23 Europe/Berlin] PHP Fatal error:  Call to a member function get_results() on a non-object in /Applications/MAMP/htdocs/liongit/libraries/3rd/leoni-wordpress-integrator/config/main.php on line 5
[15-Sep-2014 13:20:43 Europe/Berlin] PHP Fatal error:  Call to a member function get_results() on a non-object in /Applications/MAMP/htdocs/liongit/libraries/3rd/leoni-wordpress-integrator/config/main.php on line 5
[15-Sep-2014 13:20:43 Europe/Berlin] PHP Fatal error:  Call to a member function get_results() on a non-object in /Applications/MAMP/htdocs/liongit/libraries/3rd/leoni-wordpress-integrator/config/main.php on line 5
[15-Sep-2014 13:21:07 Europe/Berlin] PHP Fatal error:  Call to a member function get_results() on a non-object in /Applications/MAMP/htdocs/liongit/libraries/3rd/leoni-wordpress-integrator/config/main.php on line 5
[15-Sep-2014 13:21:08 Europe/Berlin] PHP Fatal error:  Call to a member function get_results() on a non-object in /Applications/MAMP/htdocs/liongit/libraries/3rd/leoni-wordpress-integrator/config/main.php on line 5
[15-Sep-2014 13:21:18 Europe/Berlin] PHP Fatal error:  Call to a member function get_results() on a non-object in /Applications/MAMP/htdocs/liongit/libraries/3rd/leoni-wordpress-integrator/config/main.php on line 5
[15-Sep-2014 13:21:27 Europe/Berlin] PHP Fatal error:  Call to a member function get_results() on a non-object in /Applications/MAMP/htdocs/liongit/libraries/3rd/leoni-wordpress-integrator/config/main.php on line 5
[15-Sep-2014 13:21:46 Europe/Berlin] PHP Fatal error:  Call to a member function get_results() on a non-object in /Applications/MAMP/htdocs/liongit/libraries/3rd/leoni-wordpress-integrator/config/main.php on line 5
